<?xml version="1.0" encoding="UTF-8"?>
<!-- Generated by org.testng.reporters.JUnitReportReporter -->
<testsuite skipped="0" hostname="DESKTOP-C37E15E" name="quick.Table.CricketTest" tests="1" failures="0" timestamp="01 Aug 2020 16:44:51 GMT" time="55.588" errors="0">
  <testcase name="cric" time="55.588" classname="quick.Table.CricketTest"/>
</testsuite> <!-- quick.Table.CricketTest -->
